g:\vs2017\repository\paperplane\promiseofdandelion\debug\vc141.pdb
g:\vs2017\repository\paperplane\promiseofdandelion\debug\vc141.idb
g:\vs2017\repository\paperplane\promiseofdandelion\debug\ui.obj
g:\vs2017\repository\paperplane\promiseofdandelion\debug\linklist.obj
g:\vs2017\repository\paperplane\promiseofdandelion\debug\fly.obj
g:\git\repository\paperplane\promiseofdandelion\debug\vc141.pdb
g:\git\repository\paperplane\promiseofdandelion\debug\vc141.idb
g:\git\repository\paperplane\promiseofdandelion\debug\linklist.obj
g:\git\repository\paperplane\promiseofdandelion\debug\fly.obj
g:\git\repository\paperplane\promiseofdandelion\debug\ui.obj
g:\vs2017\repository\paperplane\debug\paperplane.exe
g:\vs2017\repository\paperplane\debug\paperplane.ilk
g:\vs2017\repository\paperplane\debug\paperplane.pdb
g:\git\repository\paperplane\debug\paperplane.exe
g:\git\repository\paperplane\debug\paperplane.ilk
g:\git\repository\paperplane\debug\paperplane.pdb
g:\vs2017\repository\paperplane\promiseofdandelion\debug\paperplane.res
g:\git\repository\paperplane\promiseofdandelion\debug\paperplane.res
g:\git\repository\paperplane\promiseofdandelion\debug\paperplane.tlog\cl.command.1.tlog
g:\git\repository\paperplane\promiseofdandelion\debug\paperplane.tlog\cl.read.1.tlog
g:\git\repository\paperplane\promiseofdandelion\debug\paperplane.tlog\cl.write.1.tlog
g:\git\repository\paperplane\promiseofdandelion\debug\paperplane.tlog\link.command.1.tlog
g:\git\repository\paperplane\promiseofdandelion\debug\paperplane.tlog\link.read.1.tlog
g:\git\repository\paperplane\promiseofdandelion\debug\paperplane.tlog\link.write.1.tlog
g:\git\repository\paperplane\promiseofdandelion\debug\paperplane.tlog\rc.command.1.tlog
g:\git\repository\paperplane\promiseofdandelion\debug\paperplane.tlog\rc.read.1.tlog
g:\git\repository\paperplane\promiseofdandelion\debug\paperplane.tlog\rc.write.1.tlog
